<?xml version="1.0" encoding="UTF-8"?>
<!-- Generated by org.testng.reporters.JUnitReportReporter -->
<testsuite hostname="admin-HP" name="org.testing.testScripts.TC2" tests="1" failures="0" timestamp="16 Mar 2020 06:22:40 GMT" time="34.127" errors="0">
  <testcase name="Subscription" time="34.127" classname="org.testing.testScripts.TC2"/>
</testsuite> <!-- org.testing.testScripts.TC2 -->
