<?xml version="1.0" encoding="UTF-8"?>
<!-- Generated by org.testng.reporters.JUnitReportReporter -->
<testsuite hostname="admin-HP" name="org.testing.testScripts.TC1" tests="1" failures="0" timestamp="16 Mar 2020 06:22:40 GMT" time="37.146" errors="0">
  <testcase name="Trending" time="37.146" classname="org.testing.testScripts.TC1"/>
</testsuite> <!-- org.testing.testScripts.TC1 -->
