<?xml version="1.0" encoding="UTF-8"?>
<!-- Generated by org.testng.reporters.JUnitReportReporter -->
<testsuite hostname="admin-HP" name="org.testing.testScripts.TC6" tests="1" failures="0" timestamp="16 Mar 2020 06:22:40 GMT" time="30.499" errors="0">
  <testcase name="liBRARY" time="30.499" classname="org.testing.testScripts.TC6"/>
</testsuite> <!-- org.testing.testScripts.TC6 -->
