<?xml version="1.0" encoding="UTF-8"?>
<!-- Generated by org.testng.reporters.JUnitReportReporter -->
<testsuite hostname="admin-HP" name="org.testing.testScripts.TC5" tests="1" failures="0" timestamp="16 Mar 2020 06:22:40 GMT" time="31.644" errors="0">
  <testcase name="History" time="31.644" classname="org.testing.testScripts.TC5"/>
</testsuite> <!-- org.testing.testScripts.TC5 -->
